ising_entropy.py --order 0 --log scan50 -T 1.0 --n-estimators 50 | 1.0 1.0 -1.99712 0.02380 -2.01709 0.02880 5.05
ising_entropy.py --order 0 --log scan50 -T 1.1 --n-estimators 50 | 1.1 1.1 -1.99395 0.05146 -2.00313 0.01205 5.32
ising_entropy.py --order 0 --log scan50 -T 1.2 --n-estimators 50 | 1.2 1.2 -1.98869 0.09453 -2.00376 0.01811 5.44
ising_entropy.py --order 0 --log scan50 -T 1.3 --n-estimators 50 | 1.3 1.3 -1.98036 0.17205 -2.00492 0.02726 5.61
ising_entropy.py --order 0 --log scan50 -T 1.4 --n-estimators 50 | 1.4 1.4 -1.96802 0.28676 -2.00687 0.04003 5.80
ising_entropy.py --order 0 --log scan50 -T 1.5 --n-estimators 50 | 1.5 1.5 -1.95108 0.44113 -2.01000 0.05668 6.07
ising_entropy.py --order 0 --log scan50 -T 1.6 --n-estimators 50 | 1.6 1.6 -1.92840 0.67062 -2.01461 0.07773 6.39
ising_entropy.py --order 0 --log scan50 -T 1.7 --n-estimators 50 | 1.7 1.7 -1.89821 0.98940 -2.02089 0.10411 6.72
ising_entropy.py --order 0 --log scan50 -T 1.8 --n-estimators 50 | 1.8 1.8 -1.85956 1.40723 -2.02935 0.13609 7.18
ising_entropy.py --order 0 --log scan50 -T 1.9 --n-estimators 50 | 1.9 1.9 -1.81013 2.02085 -2.04033 0.17479 7.86
ising_entropy.py --order 0 --log scan50 -T 2.0 --n-estimators 50 | 2.0 2.0 -1.74520 2.91877 -2.05761 0.22536 9.39
ising_entropy.py --order 0 --log scan50 -T 2.1 --n-estimators 50 | 2.1 2.1 -1.66227 4.23929 -2.07643 0.28453 10.80
ising_entropy.py --order 0 --log scan50 -T 2.2 --n-estimators 50 | 2.2 2.2 -1.54707 6.41732 -2.09921 0.36207 11.57
ising_entropy.py --order 0 --log scan50 -T 2.3 --n-estimators 50 | 2.3 2.3 -1.39491 8.88168 -2.12780 0.45972 12.29
ising_entropy.py --order 0 --log scan50 -T 2.4 --n-estimators 50 | 2.4 2.4 -1.23562 8.24256 -2.16319 0.55759 12.74
ising_entropy.py --order 0 --log scan50 -T 2.5 --n-estimators 50 | 2.5 2.5 -1.11744 6.26326 -2.20413 0.62711 12.88
ising_entropy.py --order 0 --log scan50 -T 2.6 --n-estimators 50 | 2.6 2.6 -1.03227 4.99943 -2.24918 0.67524 12.92
ising_entropy.py --order 0 --log scan50 -T 2.7 --n-estimators 50 | 2.7 2.7 -0.96476 4.43149 -2.29719 0.71196 12.96
ising_entropy.py --order 0 --log scan50 -T 2.8 --n-estimators 50 | 2.8 2.8 -0.90698 4.04522 -2.34748 0.74222 12.96
ising_entropy.py --order 0 --log scan50 -T 2.9 --n-estimators 50 | 2.9 2.9 -0.86037 3.82239 -2.39967 0.76577 13.01
ising_entropy.py --order 0 --log scan50 -T 3.0 --n-estimators 50 | 3.0 3.0 -0.81726 3.59230 -2.45333 0.78678 12.99
ising_entropy.py --order 0 --log scan50 -T 3.1 --n-estimators 50 | 3.1 3.1 -0.77939 3.54888 -2.50850 0.80470 13.05
ising_entropy.py --order 0 --log scan50 -T 3.2 --n-estimators 50 | 3.2 3.2 -0.74592 3.41957 -2.56469 0.81998 13.05
ising_entropy.py --order 0 --log scan50 -T 3.3 --n-estimators 50 | 3.3 3.3 -0.71450 3.31168 -2.62206 0.83395 13.03
ising_entropy.py --order 0 --log scan50 -T 3.4 --n-estimators 50 | 3.4 3.4 -0.68669 3.02905 -2.68019 0.84589 13.06
ising_entropy.py --order 0 --log scan50 -T 3.5 --n-estimators 50 | 3.5 3.5 -0.66112 3.01456 -2.73918 0.85657 13.06
ising_entropy.py --order 0 --log scan50 -T 3.6 --n-estimators 50 | 3.6 3.6 -0.63664 3.00161 -2.79913 0.86661 13.03
ising_entropy.py --order 0 --log scan50 -T 3.7 --n-estimators 50 | 3.7 3.7 -0.61514 2.86848 -2.85932 0.87504 13.08
ising_entropy.py --order 0 --log scan50 -T 3.8 --n-estimators 50 | 3.8 3.8 -0.59354 2.86702 -2.92012 0.88330 13.00
ising_entropy.py --order 0 --log scan50 -T 3.9 --n-estimators 50 | 3.9 3.9 -0.57477 2.78547 -2.98155 0.89032 13.05
ising_entropy.py --order 0 --log scan50 -T 4.0 --n-estimators 50 | 4.0 4.0 -0.55747 2.73092 -3.04342 0.89661 13.13
