ising_entropy.py --order 0 --log scan50augment -T 1.0 --augment --n-estimators 50 | 1.0 1.0 -1.99712 0.02380 -2.00279 0.00818 13.90
ising_entropy.py --order 0 --log scan50augment -T 1.1 --augment --n-estimators 50 | 1.1 1.1 -1.99395 0.05146 -2.00305 0.01194 13.76
ising_entropy.py --order 0 --log scan50augment -T 1.2 --augment --n-estimators 50 | 1.2 1.2 -1.98869 0.09453 -2.00358 0.01790 14.33
ising_entropy.py --order 0 --log scan50augment -T 1.3 --augment --n-estimators 50 | 1.3 1.3 -1.98036 0.17205 -2.00468 0.02699 15.03
ising_entropy.py --order 0 --log scan50augment -T 1.4 --augment --n-estimators 50 | 1.4 1.4 -1.96802 0.28676 -2.00660 0.03976 15.53
ising_entropy.py --order 0 --log scan50augment -T 1.5 --augment --n-estimators 50 | 1.5 1.5 -1.95108 0.44113 -2.00959 0.05627 16.28
ising_entropy.py --order 0 --log scan50augment -T 1.6 --augment --n-estimators 50 | 1.6 1.6 -1.92840 0.67062 -2.01403 0.07721 17.08
ising_entropy.py --order 0 --log scan50augment -T 1.7 --augment --n-estimators 50 | 1.7 1.7 -1.89821 0.98940 -2.02014 0.10348 17.12
ising_entropy.py --order 0 --log scan50augment -T 1.8 --augment --n-estimators 50 | 1.8 1.8 -1.85956 1.40723 -2.02835 0.13528 16.83
ising_entropy.py --order 0 --log scan50augment -T 1.9 --augment --n-estimators 50 | 1.9 1.9 -1.81013 2.02085 -2.03907 0.17384 17.26
ising_entropy.py --order 0 --log scan50augment -T 2.0 --augment --n-estimators 50 | 2.0 2.0 -1.74520 2.91877 -2.05583 0.22407 19.42
ising_entropy.py --order 0 --log scan50augment -T 2.1 --augment --n-estimators 50 | 2.1 2.1 -1.66227 4.23929 -2.07434 0.28309 20.83
ising_entropy.py --order 0 --log scan50augment -T 2.2 --augment --n-estimators 50 | 2.2 2.2 -1.54707 6.41732 -2.09667 0.36041 22.47
ising_entropy.py --order 0 --log scan50augment -T 2.3 --augment --n-estimators 50 | 2.3 2.3 -1.39491 8.88168 -2.12494 0.45792 26.78
ising_entropy.py --order 0 --log scan50augment -T 2.4 --augment --n-estimators 50 | 2.4 2.4 -1.23562 8.24256 -2.16014 0.55575 25.50
ising_entropy.py --order 0 --log scan50augment -T 2.5 --augment --n-estimators 50 | 2.5 2.5 -1.11744 6.26326 -2.20105 0.62533 26.17
ising_entropy.py --order 0 --log scan50augment -T 2.6 --augment --n-estimators 50 | 2.6 2.6 -1.03227 4.99943 -2.24598 0.67347 27.22
ising_entropy.py --order 0 --log scan50augment -T 2.7 --augment --n-estimators 50 | 2.7 2.7 -0.96476 4.43149 -2.29385 0.71017 28.79
ising_entropy.py --order 0 --log scan50augment -T 2.8 --augment --n-estimators 50 | 2.8 2.8 -0.90698 4.04522 -2.34403 0.74044 27.74
ising_entropy.py --order 0 --log scan50augment -T 2.9 --augment --n-estimators 50 | 2.9 2.9 -0.86037 3.82239 -2.39604 0.76397 27.56
ising_entropy.py --order 0 --log scan50augment -T 3.0 --augment --n-estimators 50 | 3.0 3.0 -0.81726 3.59230 -2.44965 0.78501 29.11
ising_entropy.py --order 0 --log scan50augment -T 3.1 --augment --n-estimators 50 | 3.1 3.1 -0.77939 3.54888 -2.50462 0.80290 26.18
ising_entropy.py --order 0 --log scan50augment -T 3.2 --augment --n-estimators 50 | 3.2 3.2 -0.74592 3.41957 -2.56078 0.81822 26.40
ising_entropy.py --order 0 --log scan50augment -T 3.3 --augment --n-estimators 50 | 3.3 3.3 -0.71450 3.31168 -2.61792 0.83214 26.40
ising_entropy.py --order 0 --log scan50augment -T 3.4 --augment --n-estimators 50 | 3.4 3.4 -0.68669 3.02905 -2.67601 0.84411 26.48
ising_entropy.py --order 0 --log scan50augment -T 3.5 --augment --n-estimators 50 | 3.5 3.5 -0.66112 3.01456 -2.73484 0.85479 26.50
ising_entropy.py --order 0 --log scan50augment -T 3.6 --augment --n-estimators 50 | 3.6 3.6 -0.63664 3.00161 -2.79440 0.86472 26.64
ising_entropy.py --order 0 --log scan50augment -T 3.7 --augment --n-estimators 50 | 3.7 3.7 -0.61514 2.86848 -2.85459 0.87320 26.62
ising_entropy.py --order 0 --log scan50augment -T 3.8 --augment --n-estimators 50 | 3.8 3.8 -0.59354 2.86702 -2.91535 0.88149 26.69
ising_entropy.py --order 0 --log scan50augment -T 3.9 --augment --n-estimators 50 | 3.9 3.9 -0.57477 2.78547 -2.97675 0.88854 26.81
ising_entropy.py --order 0 --log scan50augment -T 4.0 --augment --n-estimators 50 | 4.0 4.0 -0.55747 2.73092 -3.03848 0.89484 26.91
